News_xinhua/news_svn/build/outputs/logs/manifest-merger-debug-report.txt
-- Merging decision tree log ---
manifest
ADDED from AndroidManifest.xml:2:1
	package
		ADDED from AndroidManifest.xml:3:5
		INJECTED from AndroidManifest.xml:0:0
		INJECTED from AndroidManifest.xml:0:0
	android:versionName
		ADDED from AndroidManifest.xml:5:5
	android:versionCode
		ADDED from AndroidManifest.xml:4:5
		INJECTED from AndroidManifest.xml:0:0
		INJECTED from AndroidManifest.xml:0:0
	xmlns:android
		ADDED from AndroidManifest.xml:2:11
uses-sdk
ADDED from AndroidManifest.xml:7:5
MERGED from News_xinhua:photoView:unspecified:7:5
MERGED from News_xinhua:social_sdk_library_project:unspecified:7:5
MERGED from News_xinhua:swipeBackLayout:unspecified:7:5
MERGED from News_xinhua:viewPagerIndicator:unspecified:7:5
MERGED from com.android.support:gridlayout-v7:18.0.0:18:5
	android:targetSdkVersion
		ADDED from AndroidManifest.xml:9:9
		INJECTED from AndroidManifest.xml:0:0
		INJECTED from AndroidManifest.xml:0:0
	android:minSdkVersion
		ADDED from AndroidManifest.xml:8:9
		INJECTED from AndroidManifest.xml:0:0
		INJECTED from AndroidManifest.xml:0:0
uses-feature#android.hardware.camera
ADDED from AndroidManifest.xml:11:5
	android:name
		ADDED from AndroidManifest.xml:11:19
uses-feature#android.hardware.camera.autofocus
ADDED from AndroidManifest.xml:12:5
	android:name
		ADDED from AndroidManifest.xml:12:19
uses-permission#android.permission.WRITE_EXTERNAL_STORAGE
ADDED from AndroidManifest.xml:14:5
	android:name
		ADDED from AndroidManifest.xml:14:22
uses-permission#android.permission.RECORD_AUDIO
ADDED from AndroidManifest.xml:15:5
	android:name
		ADDED from AndroidManifest.xml:15:22
uses-permission#android.permission.RECORD_VIDEO
ADDED from AndroidManifest.xml:16:5
	android:name
		ADDED from AndroidManifest.xml:16:22
uses-permission#android.permission.MODIFY_AUDIO_SETTINGS
ADDED from AndroidManifest.xml:17:5
	android:name
		ADDED from AndroidManifest.xml:17:22
uses-permission#android.permission.CAMERA
ADDED from AndroidManifest.xml:18:5
	android:name
		ADDED from AndroidManifest.xml:18:22
uses-permission#android.permission.INTERNET
ADDED from AndroidManifest.xml:19:5
	android:name
		ADDED from AndroidManifest.xml:19:22
uses-permission#android.permission.GET_TASKS
ADDED from AndroidManifest.xml:21:5
	android:name
		ADDED from AndroidManifest.xml:21:22
uses-permission#android.permission.WRITE_SMS
ADDED from AndroidManifest.xml:22:5
	android:name
		ADDED from AndroidManifest.xml:22:22
uses-permission#android.permission.ACCESS_NETWORK_STATE
ADDED from AndroidManifest.xml:23:5
	android:name
		ADDED from AndroidManifest.xml:23:22
uses-permission#android.permission.ACCESS_WIFI_STATE
ADDED from AndroidManifest.xml:25:5
	android:name
		ADDED from AndroidManifest.xml:25:22
uses-permission#android.permission.READ_PHONE_STATE
ADDED from AndroidManifest.xml:27:5
	android:name
		ADDED from AndroidManifest.xml:27:22
uses-permission#android.permission.ACCESS_FINE_LOCATION
ADDED from AndroidManifest.xml:29:5
	android:name
		ADDED from AndroidManifest.xml:29:22
uses-permission#android.permission.ACCESS_COARSE_LOCATION
ADDED from AndroidManifest.xml:31:5
	android:name
		ADDED from AndroidManifest.xml:31:22
uses-permission#android.permission.READ_CONTACTS
ADDED from AndroidManifest.xml:33:5
	android:name
		ADDED from AndroidManifest.xml:33:22
uses-permission#android.permission.SEND
ADDED from AndroidManifest.xml:34:5
	android:name
		ADDED from AndroidManifest.xml:34:22
uses-permission#android.permission.RECEIVE_BOOT_COMPLETED
ADDED from AndroidManifest.xml:37:5
	android:name
		ADDED from AndroidManifest.xml:37:22
uses-permission#android.permission.WRITE_SETTINGS
ADDED from AndroidManifest.xml:38:5
	android:name
		ADDED from AndroidManifest.xml:38:22
uses-permission#android.permission.VIBRATE
ADDED from AndroidManifest.xml:39:5
	android:name
		ADDED from AndroidManifest.xml:39:22
uses-permission#android.permission.ACCESS_DOWNLOAD_MANAGER
ADDED from AndroidManifest.xml:40:5
	android:name
		ADDED from AndroidManifest.xml:40:22
uses-permission#android.permission.DOWNLOAD_WITHOUT_NOTIFICATION
ADDED from AndroidManifest.xml:41:5
	android:name
		ADDED from AndroidManifest.xml:41:22
uses-permission#android.permission.DISABLE_KEYGUARD
ADDED from AndroidManifest.xml:42:5
	android:name
		ADDED from AndroidManifest.xml:42:22
uses-permission#android.permission.CHANGE_WIFI_STATE
ADDED from AndroidManifest.xml:43:5
	android:name
		ADDED from AndroidManifest.xml:43:22
uses-permission#android.permission.MOUNT_UNMOUNT_FILESYSTEMS
ADDED from AndroidManifest.xml:44:5
	android:name
		ADDED from AndroidManifest.xml:44:22
uses-permission#android.permission.READ_LOGS
ADDED from AndroidManifest.xml:45:5
	android:name
		ADDED from AndroidManifest.xml:45:22
uses-permission#android.permission.WAKE_LOCK
ADDED from AndroidManifest.xml:46:5
	android:name
		ADDED from AndroidManifest.xml:46:22
uses-permission#android.permission.SYSTEM_ALERT_WINDOW
ADDED from AndroidManifest.xml:47:5
	android:name
		ADDED from AndroidManifest.xml:47:22
permission#com.cplatform.xhxw.ui.permission.MIPUSH_RECEIVE
ADDED from AndroidManifest.xml:55:5
	android:protectionLevel
		ADDED from AndroidManifest.xml:57:9
	android:name
		ADDED from AndroidManifest.xml:56:9
uses-permission#com.cplatform.xhxw.ui.permission.MIPUSH_RECEIVE
ADDED from AndroidManifest.xml:59:5
	android:name
		ADDED from AndroidManifest.xml:59:22
application
ADDED from AndroidManifest.xml:61:5
MERGED from News_xinhua:photoView:unspecified:11:5
MERGED from News_xinhua:social_sdk_library_project:unspecified:11:5
MERGED from News_xinhua:swipeBackLayout:unspecified:11:5
MERGED from com.android.support:gridlayout-v7:18.0.0:19:5
	android:label
		ADDED from AndroidManifest.xml:66:9
	android:hardwareAccelerated
		ADDED from News_xinhua:photoView:unspecified:11:18
	android:allowBackup
		ADDED from AndroidManifest.xml:63:9
	android:icon
		ADDED from AndroidManifest.xml:64:9
	android:largeHeap
		ADDED from AndroidManifest.xml:65:9
	android:theme
		ADDED from AndroidManifest.xml:67:9
	android:name
		ADDED from AndroidManifest.xml:62:9
meta-data#UMENG_APPKEY
ADDED from AndroidManifest.xml:70:9
	android:value
		ADDED from AndroidManifest.xml:72:13
	android:name
		ADDED from AndroidManifest.xml:71:13
meta-data#UMENG_CHANNEL
ADDED from AndroidManifest.xml:73:9
	android:value
		ADDED from AndroidManifest.xml:75:13
	android:name
		ADDED from AndroidManifest.xml:74:13
meta-data#UMS_APPKEY
ADDED from AndroidManifest.xml:79:9
	android:value
		ADDED from AndroidManifest.xml:81:13
	android:name
		ADDED from AndroidManifest.xml:80:13
activity#com.cplatform.xhxw.ui.ui.welcom.WelcomActivity
ADDED from AndroidManifest.xml:83:9
	android:screenOrientation
		ADDED from AndroidManifest.xml:86:13
	android:launchMode
		ADDED from AndroidManifest.xml:85:13
	android:name
		ADDED from AndroidManifest.xml:84:13
intent-filter#android.intent.action.MAIN+android.intent.category.LAUNCHER
ADDED from AndroidManifest.xml:87:13
action#android.intent.action.MAIN
ADDED from AndroidManifest.xml:88:17
	android:name
		ADDED from AndroidManifest.xml:88:25
category#android.intent.category.LAUNCHER
ADDED from AndroidManifest.xml:90:17
	android:name
		ADDED from AndroidManifest.xml:90:27
intent-filter#android.intent.action.VIEW+android.intent.category.BROWSABLE+android.intent.category.DEFAULT
ADDED from AndroidManifest.xml:92:13
data
ADDED from AndroidManifest.xml:93:17
	android:scheme
		ADDED from AndroidManifest.xml:93:23
action#android.intent.action.VIEW
ADDED from AndroidManifest.xml:95:17
	android:name
		ADDED from AndroidManifest.xml:95:25
category#android.intent.category.BROWSABLE
ADDED from AndroidManifest.xml:97:17
	android:name
		ADDED from AndroidManifest.xml:97:27
category#android.intent.category.DEFAULT
ADDED from AndroidManifest.xml:98:17
	android:name
		ADDED from AndroidManifest.xml:98:27
activity#com.cplatform.xhxw.ui.ui.main.HomeActivity
ADDED from AndroidManifest.xml:101:9
	android:screenOrientation
		ADDED from AndroidManifest.xml:105:13
	android:launchMode
		ADDED from AndroidManifest.xml:104:13
	android:configChanges
		ADDED from AndroidManifest.xml:103:13
	android:name
		ADDED from AndroidManifest.xml:102:13
activity#com.cplatform.xhxw.ui.ui.main.saas.EnterpriseMainFragment
ADDED from AndroidManifest.xml:106:9
	android:screenOrientation
		ADDED from AndroidManifest.xml:110:13
	android:launchMode
		ADDED from AndroidManifest.xml:109:13
	android:configChanges
		ADDED from AndroidManifest.xml:108:13
	android:name
		ADDED from AndroidManifest.xml:107:13
activity#com.cplatform.xhxw.ui.ui.message.MessageActivity
ADDED from AndroidManifest.xml:111:9
	android:screenOrientation
		ADDED from AndroidManifest.xml:114:13
	android:configChanges
		ADDED from AndroidManifest.xml:113:13
	android:name
		ADDED from AndroidManifest.xml:112:13
activity#com.cplatform.xhxw.ui.ui.detailpage.NewsPageActivity
ADDED from AndroidManifest.xml:115:9
	android:screenOrientation
		ADDED from AndroidManifest.xml:118:13
	android:configChanges
		ADDED from AndroidManifest.xml:117:13
	android:name
		ADDED from AndroidManifest.xml:116:13
activity#com.cplatform.xhxw.ui.ui.main.cms.game.GameDetailActivity
ADDED from AndroidManifest.xml:119:9
	android:screenOrientation
		ADDED from AndroidManifest.xml:122:13
	android:configChanges
		ADDED from AndroidManifest.xml:121:13
	android:name
		ADDED from AndroidManifest.xml:120:13
activity#com.cplatform.xhxw.ui.ui.main.cms.game.GameDownloadCenterActivity
ADDED from AndroidManifest.xml:123:9
	android:screenOrientation
		ADDED from AndroidManifest.xml:126:13
	android:configChanges
		ADDED from AndroidManifest.xml:125:13
	android:name
		ADDED from AndroidManifest.xml:124:13
activity#com.cplatform.xhxw.ui.ui.detailpage.CommentActivity
ADDED from AndroidManifest.xml:127:9
	android:screenOrientation
		ADDED from AndroidManifest.xml:130:13
	android:windowSoftInputMode
		ADDED from AndroidManifest.xml:131:13
	android:configChanges
		ADDED from AndroidManifest.xml:129:13
	android:name
		ADDED from AndroidManifest.xml:128:13
activity#com.cplatform.xhxw.ui.ui.picShow.PicShowActivity
ADDED from AndroidManifest.xml:132:9
	android:screenOrientation
		ADDED from AndroidManifest.xml:135:13
	android:configChanges
		ADDED from AndroidManifest.xml:134:13
	android:name
		ADDED from AndroidManifest.xml:133:13
activity#com.cplatform.xhxw.ui.ui.recommendimages.RecommendImagesActivity
ADDED from AndroidManifest.xml:136:9
	android:screenOrientation
		ADDED from AndroidManifest.xml:138:13
	android:name
		ADDED from AndroidManifest.xml:137:13
activity#com.cplatform.xhxw.ui.ui.detailpage.VideoPlayerActivity
ADDED from AndroidManifest.xml:139:9
	android:screenOrientation
		ADDED from AndroidManifest.xml:142:13
	android:configChanges
		ADDED from AndroidManifest.xml:141:13
	android:theme
		ADDED from AndroidManifest.xml:143:13
	android:name
		ADDED from AndroidManifest.xml:140:13
activity#com.cplatform.xhxw.ui.ui.specialTopic.SpecialTopicActivity
ADDED from AndroidManifest.xml:144:9
	android:screenOrientation
		ADDED from AndroidManifest.xml:146:13
	android:name
		ADDED from AndroidManifest.xml:145:13
activity#com.cplatform.xhxw.ui.ui.login.LoginActivity
ADDED from AndroidManifest.xml:147:9
	android:screenOrientation
		ADDED from AndroidManifest.xml:149:13
	android:name
		ADDED from AndroidManifest.xml:148:13
activity#com.cplatform.xhxw.ui.ui.login.RegisterCheckActivity
ADDED from AndroidManifest.xml:150:9
	android:screenOrientation
		ADDED from AndroidManifest.xml:152:13
	android:name
		ADDED from AndroidManifest.xml:151:13
activity#com.cplatform.xhxw.ui.ui.login.RegisterTelephonActivity
ADDED from AndroidManifest.xml:153:9
	android:screenOrientation
		ADDED from AndroidManifest.xml:155:13
	android:name
		ADDED from AndroidManifest.xml:154:13
activity#com.cplatform.xhxw.ui.ui.login.RegisterEmailActivity
ADDED from AndroidManifest.xml:156:9
	android:screenOrientation
		ADDED from AndroidManifest.xml:158:13
	android:name
		ADDED from AndroidManifest.xml:157:13
activity#com.cplatform.xhxw.ui.ui.comment.MyCommentActivity
ADDED from AndroidManifest.xml:159:9
	android:screenOrientation
		ADDED from AndroidManifest.xml:161:13
	android:name
		ADDED from AndroidManifest.xml:160:13
activity#com.cplatform.xhxw.ui.ui.search.SearchActivity
ADDED from AndroidManifest.xml:162:9
	android:screenOrientation
		ADDED from AndroidManifest.xml:164:13
	android:windowSoftInputMode
		ADDED from AndroidManifest.xml:165:13
	android:name
		ADDED from AndroidManifest.xml:163:13
activity#com.cplatform.xhxw.ui.ui.login.ToFindPassWordActivity
ADDED from AndroidManifest.xml:166:9
	android:screenOrientation
		ADDED from AndroidManifest.xml:168:13
	android:name
		ADDED from AndroidManifest.xml:167:13
activity#com.cplatform.xhxw.ui.ui.login.ToFindPassWordEmailActivity
ADDED from AndroidManifest.xml:169:9
	android:screenOrientation
		ADDED from AndroidManifest.xml:171:13
	android:name
		ADDED from AndroidManifest.xml:170:13
activity#com.cplatform.xhxw.ui.ui.login.ToFindPassWordTelephonActivity
ADDED from AndroidManifest.xml:172:9
	android:screenOrientation
		ADDED from AndroidManifest.xml:174:13
	android:name
		ADDED from AndroidManifest.xml:173:13
activity#com.cplatform.xhxw.ui.test.Text
ADDED from AndroidManifest.xml:175:9
	android:screenOrientation
		ADDED from AndroidManifest.xml:177:13
	android:name
		ADDED from AndroidManifest.xml:176:13
activity#com.cplatform.xhxw.ui.ui.feedback.FeedbackActivity
ADDED from AndroidManifest.xml:178:9
	android:screenOrientation
		ADDED from AndroidManifest.xml:180:13
	android:name
		ADDED from AndroidManifest.xml:179:13
activity#com.cplatform.xhxw.ui.ui.about.AboutActivity
ADDED from AndroidManifest.xml:181:9
	android:screenOrientation
		ADDED from AndroidManifest.xml:183:13
	android:name
		ADDED from AndroidManifest.xml:182:13
activity#com.cplatform.xhxw.ui.ui.settings.SettingsActivity
ADDED from AndroidManifest.xml:184:9
	android:screenOrientation
		ADDED from AndroidManifest.xml:186:13
	android:name
		ADDED from AndroidManifest.xml:185:13
activity#com.cplatform.xhxw.ui.ui.settings.UserInfoActivity
ADDED from AndroidManifest.xml:187:9
	android:screenOrientation
		ADDED from AndroidManifest.xml:189:13
	android:name
		ADDED from AndroidManifest.xml:188:13
activity#com.cplatform.xhxw.ui.ui.settings.BindPhoneActivity
ADDED from AndroidManifest.xml:190:9
	android:screenOrientation
		ADDED from AndroidManifest.xml:192:13
	android:name
		ADDED from AndroidManifest.xml:191:13
activity#com.cplatform.xhxw.ui.ui.settings.CropAvatarActivity
ADDED from AndroidManifest.xml:193:9
	android:screenOrientation
		ADDED from AndroidManifest.xml:195:13
	android:name
		ADDED from AndroidManifest.xml:194:13
activity#com.cplatform.xhxw.ui.ui.collect.CollectActivity
ADDED from AndroidManifest.xml:196:9
	android:screenOrientation
		ADDED from AndroidManifest.xml:198:13
	android:name
		ADDED from AndroidManifest.xml:197:13
activity#com.cplatform.xhxw.ui.ui.guide.GuideActivity
ADDED from AndroidManifest.xml:199:9
	android:screenOrientation
		ADDED from AndroidManifest.xml:201:13
	android:name
		ADDED from AndroidManifest.xml:200:13
activity#com.cplatform.xhxw.ui.ui.web.WebViewActivity
ADDED from AndroidManifest.xml:202:9
	android:screenOrientation
		ADDED from AndroidManifest.xml:205:13
	android:launchMode
		ADDED from AndroidManifest.xml:204:13
	android:name
		ADDED from AndroidManifest.xml:203:13
activity#com.cplatform.xhxw.ui.ui.web.RedEnvelopesWebViewActivity
ADDED from AndroidManifest.xml:206:9
	android:screenOrientation
		ADDED from AndroidManifest.xml:209:13
	android:launchMode
		ADDED from AndroidManifest.xml:208:13
	android:name
		ADDED from AndroidManifest.xml:207:13
activity#com.cplatform.xhxw.ui.ui.advertisement.AdvertiseActivity
ADDED from AndroidManifest.xml:210:9
	android:screenOrientation
		ADDED from AndroidManifest.xml:212:13
	android:name
		ADDED from AndroidManifest.xml:211:13
activity#com.cplatform.xhxw.ui.ui.main.cms.MyMsgActivity
ADDED from AndroidManifest.xml:213:9
	android:screenOrientation
		ADDED from AndroidManifest.xml:215:13
	android:name
		ADDED from AndroidManifest.xml:214:13
activity#com.cplatform.xhxw.ui.ui.main.saas.contribute.ContributeActivity
ADDED from AndroidManifest.xml:216:9
	android:screenOrientation
		ADDED from AndroidManifest.xml:218:13
	android:name
		ADDED from AndroidManifest.xml:217:13
activity#com.cplatform.xhxw.ui.ui.main.saas.photopick.PhotoPickActivity
ADDED from AndroidManifest.xml:219:9
	android:screenOrientation
		ADDED from AndroidManifest.xml:221:13
	android:name
		ADDED from AndroidManifest.xml:220:13
activity#com.cplatform.xhxw.ui.ui.main.saas.personalcenter.MyRecordActivity
ADDED from AndroidManifest.xml:222:9
	android:screenOrientation
		ADDED from AndroidManifest.xml:224:13
	android:name
		ADDED from AndroidManifest.xml:223:13
activity#com.cplatform.xhxw.ui.ui.main.saas.personalcenter.SaasSysSettingActivity
ADDED from AndroidManifest.xml:225:9
	android:screenOrientation
		ADDED from AndroidManifest.xml:227:13
	android:name
		ADDED from AndroidManifest.xml:226:13
activity#com.cplatform.xhxw.ui.ui.main.saas.personalcenter.MyPushMessageActivity
ADDED from AndroidManifest.xml:228:9
	android:screenOrientation
		ADDED from AndroidManifest.xml:230:13
	android:name
		ADDED from AndroidManifest.xml:229:13
activity#com.cplatform.xhxw.ui.ui.main.saas.personalcenter.SaasUserinfoActivity
ADDED from AndroidManifest.xml:231:9
	android:screenOrientation
		ADDED from AndroidManifest.xml:233:13
	android:name
		ADDED from AndroidManifest.xml:232:13
activity#com.cplatform.xhxw.ui.ui.settings.ChangePasswordActivity
ADDED from AndroidManifest.xml:234:9
	android:screenOrientation
		ADDED from AndroidManifest.xml:236:13
	android:name
		ADDED from AndroidManifest.xml:235:13
activity#com.cplatform.xhxw.ui.ui.main.forelanguage.activity.ForeignLanguageHomeActivity
ADDED from AndroidManifest.xml:237:9
	android:screenOrientation
		ADDED from AndroidManifest.xml:239:13
	android:name
		ADDED from AndroidManifest.xml:238:13
activity#com.cplatform.xhxw.ui.ui.main.cms.channelsearch.ChannelSearchActivity
ADDED from AndroidManifest.xml:240:9
	android:screenOrientation
		ADDED from AndroidManifest.xml:242:13
	android:name
		ADDED from AndroidManifest.xml:241:13
activity#com.cplatform.xhxw.ui.ui.main.cms.channelsearch.ShowChannelDetailActivity
ADDED from AndroidManifest.xml:243:9
	android:screenOrientation
		ADDED from AndroidManifest.xml:245:13
	android:name
		ADDED from AndroidManifest.xml:244:13
activity#com.cplatform.xhxw.ui.ui.web.newscollect.NewsCollectWebActivity
ADDED from AndroidManifest.xml:246:9
	android:screenOrientation
		ADDED from AndroidManifest.xml:248:13
	android:name
		ADDED from AndroidManifest.xml:247:13
activity#com.cplatform.xhxw.ui.ui.web.newscollect.TextOrPhotoNewsCollectActivity
ADDED from AndroidManifest.xml:249:9
	android:screenOrientation
		ADDED from AndroidManifest.xml:251:13
	android:name
		ADDED from AndroidManifest.xml:250:13
activity#com.cplatform.xhxw.ui.ui.web.newscollect.VideoRecordActivity
ADDED from AndroidManifest.xml:252:9
	android:screenOrientation
		ADDED from AndroidManifest.xml:254:13
	android:name
		ADDED from AndroidManifest.xml:253:13
activity#com.cplatform.xhxw.ui.ui.web.newscollect.VideoPreviewActivity
ADDED from AndroidManifest.xml:255:9
	android:screenOrientation
		ADDED from AndroidManifest.xml:257:13
	android:name
		ADDED from AndroidManifest.xml:256:13
activity#com.cplatform.xhxw.ui.ui.apptips.TipsActivity
ADDED from AndroidManifest.xml:258:9
	android:screenOrientation
		ADDED from AndroidManifest.xml:260:13
	android:theme
		ADDED from AndroidManifest.xml:261:13
	android:name
		ADDED from AndroidManifest.xml:259:13
activity#com.cplatform.xhxw.ui.ui.main.saas.addressBook.SearchFriendActivity
ADDED from AndroidManifest.xml:262:9
	android:screenOrientation
		ADDED from AndroidManifest.xml:264:13
	android:name
		ADDED from AndroidManifest.xml:263:13
activity#com.cplatform.xhxw.ui.ui.main.saas.addressBook.SearchResultActivity
ADDED from AndroidManifest.xml:265:9
	android:screenOrientation
		ADDED from AndroidManifest.xml:267:13
	android:name
		ADDED from AndroidManifest.xml:266:13
activity#com.cplatform.xhxw.ui.ui.main.saas.addressBook.NewFriendsActivity
ADDED from AndroidManifest.xml:268:9
	android:screenOrientation
		ADDED from AndroidManifest.xml:270:13
	android:name
		ADDED from AndroidManifest.xml:269:13
activity#com.cplatform.xhxw.ui.ui.main.saas.addressBook.FriendsVerifyActivity
ADDED from AndroidManifest.xml:271:9
	android:screenOrientation
		ADDED from AndroidManifest.xml:273:13
	android:name
		ADDED from AndroidManifest.xml:272:13
activity#com.cplatform.xhxw.ui.ui.main.saas.addressBook.FriendInfoActivity
ADDED from AndroidManifest.xml:274:9
	android:screenOrientation
		ADDED from AndroidManifest.xml:276:13
	android:name
		ADDED from AndroidManifest.xml:275:13
activity#com.cplatform.xhxw.ui.ui.main.saas.addressBook.UpdateInfoActivity
ADDED from AndroidManifest.xml:277:9
	android:screenOrientation
		ADDED from AndroidManifest.xml:279:13
	android:name
		ADDED from AndroidManifest.xml:278:13
activity#com.cplatform.xhxw.ui.ui.main.saas.addressBook.SendImageTextActivity
ADDED from AndroidManifest.xml:280:9
	android:screenOrientation
		ADDED from AndroidManifest.xml:282:13
	android:windowSoftInputMode
		ADDED from AndroidManifest.xml:283:13
	android:name
		ADDED from AndroidManifest.xml:281:13
activity#com.cplatform.xhxw.ui.ui.main.saas.addressBook.SendTextActivity
ADDED from AndroidManifest.xml:284:9
	android:screenOrientation
		ADDED from AndroidManifest.xml:286:13
	android:name
		ADDED from AndroidManifest.xml:285:13
activity#com.cplatform.xhxw.ui.ui.main.saas.addressBook.CompanyCircleAlbumGroupActivity
ADDED from AndroidManifest.xml:287:9
	android:screenOrientation
		ADDED from AndroidManifest.xml:289:13
	android:name
		ADDED from AndroidManifest.xml:288:13
activity#com.cplatform.xhxw.ui.ui.main.saas.addressBook.CompanyCircleAlbumPreviewActivity
ADDED from AndroidManifest.xml:290:9
	android:screenOrientation
		ADDED from AndroidManifest.xml:292:13
	android:name
		ADDED from AndroidManifest.xml:291:13
activity#com.cplatform.xhxw.ui.ui.main.saas.addressBook.PersonalMoodActivity
ADDED from AndroidManifest.xml:293:9
	android:screenOrientation
		ADDED from AndroidManifest.xml:295:13
	android:name
		ADDED from AndroidManifest.xml:294:13
activity#com.cplatform.xhxw.ui.ui.main.saas.addressBook.CompanyFreshInfoActivity
ADDED from AndroidManifest.xml:296:9
	android:screenOrientation
		ADDED from AndroidManifest.xml:298:13
	android:name
		ADDED from AndroidManifest.xml:297:13
activity#com.cplatform.xhxw.ui.ui.main.saas.addressBook.FriendsFreshInfoActivity
ADDED from AndroidManifest.xml:299:9
	android:screenOrientation
		ADDED from AndroidManifest.xml:301:13
	android:name
		ADDED from AndroidManifest.xml:300:13
activity#com.cplatform.xhxw.ui.ui.main.saas.addressBook.FriendsFreshInfoNativeActivity
ADDED from AndroidManifest.xml:302:9
	android:screenOrientation
		ADDED from AndroidManifest.xml:304:13
	android:name
		ADDED from AndroidManifest.xml:303:13
activity#com.cplatform.xhxw.ui.ui.main.saas.addressBook.CompanyFreshInfoNativeActivity
ADDED from AndroidManifest.xml:305:9
	android:screenOrientation
		ADDED from AndroidManifest.xml:307:13
	android:name
		ADDED from AndroidManifest.xml:306:13
activity#com.cplatform.xhxw.ui.ui.main.saas.photopick.SelectTookenPhotoActivity
ADDED from AndroidManifest.xml:308:9
	android:screenOrientation
		ADDED from AndroidManifest.xml:310:13
	android:name
		ADDED from AndroidManifest.xml:309:13
activity#com.cplatform.xhxw.ui.ui.main.saas.addressBook.HistoryMessageActivity
ADDED from AndroidManifest.xml:311:9
	android:screenOrientation
		ADDED from AndroidManifest.xml:313:13
	android:name
		ADDED from AndroidManifest.xml:312:13
activity#com.cplatform.xhxw.ui.test.WXEntryActivity
ADDED from AndroidManifest.xml:314:9
	android:screenOrientation
		ADDED from AndroidManifest.xml:318:13
	android:exported
		ADDED from AndroidManifest.xml:317:13
	android:configChanges
		ADDED from AndroidManifest.xml:316:13
	android:theme
		ADDED from AndroidManifest.xml:319:13
	android:name
		ADDED from AndroidManifest.xml:315:13
activity#com.cplatform.xhxw.ui.ui.main.saas.addressBook.AddressBookActivity
ADDED from AndroidManifest.xml:320:9
	android:screenOrientation
		ADDED from AndroidManifest.xml:322:13
	android:name
		ADDED from AndroidManifest.xml:321:13
activity#com.cplatform.xhxw.ui.ui.main.saas.SMessageChatActivity
ADDED from AndroidManifest.xml:323:9
	android:screenOrientation
		ADDED from AndroidManifest.xml:325:13
	android:name
		ADDED from AndroidManifest.xml:324:13
activity#com.cplatform.xhxw.ui.ui.main.saas.SMessageSearchActivity
ADDED from AndroidManifest.xml:326:9
	android:screenOrientation
		ADDED from AndroidManifest.xml:328:13
	android:name
		ADDED from AndroidManifest.xml:327:13
activity#com.cplatform.xhxw.ui.ui.main.saas.addressBook.AddressBookSearchActivity
ADDED from AndroidManifest.xml:329:9
	android:screenOrientation
		ADDED from AndroidManifest.xml:331:13
	android:name
		ADDED from AndroidManifest.xml:330:13
activity#com.cplatform.xhxw.ui.ui.main.saas.SMessageChatUserActivity
ADDED from AndroidManifest.xml:332:9
	android:screenOrientation
		ADDED from AndroidManifest.xml:334:13
	android:name
		ADDED from AndroidManifest.xml:333:13
activity#com.cplatform.xhxw.ui.ui.main.saas.addressBook.CompanyMessageActivity
ADDED from AndroidManifest.xml:335:9
	android:screenOrientation
		ADDED from AndroidManifest.xml:337:13
	android:name
		ADDED from AndroidManifest.xml:336:13
activity#com.cplatform.xhxw.ui.ui.main.saas.addressBook.FriendsMessageActivity
ADDED from AndroidManifest.xml:338:9
	android:screenOrientation
		ADDED from AndroidManifest.xml:340:13
	android:name
		ADDED from AndroidManifest.xml:339:13
activity#com.cplatform.xhxw.ui.ui.main.saas.picShow.SaasPicShowActivity
ADDED from AndroidManifest.xml:341:9
	android:screenOrientation
		ADDED from AndroidManifest.xml:343:13
	android:name
		ADDED from AndroidManifest.xml:342:13
activity#com.cplatform.xhxw.ui.plugin.gallery.PicShowActivity
ADDED from AndroidManifest.xml:344:9
	android:screenOrientation
		ADDED from AndroidManifest.xml:346:13
	android:name
		ADDED from AndroidManifest.xml:345:13
activity#com.cplatform.xhxw.ui.ui.main.cms.radiobroadcast.RadioBroadcastSettingActivity
ADDED from AndroidManifest.xml:348:9
	android:screenOrientation
		ADDED from AndroidManifest.xml:351:13
	android:configChanges
		ADDED from AndroidManifest.xml:350:13
	android:name
		ADDED from AndroidManifest.xml:349:13
provider#com.cplatform.xhxw.ui.provider.XwContentProvider
ADDED from AndroidManifest.xml:352:9
	android:authorities
		ADDED from AndroidManifest.xml:354:13
	android:name
		ADDED from AndroidManifest.xml:353:13
service#com.cplatform.xhxw.ui.service.VersionUpdateService
ADDED from AndroidManifest.xml:356:9
	android:name
		ADDED from AndroidManifest.xml:356:18
service#com.cplatform.xhxw.ui.service.VersionDownLoadService
ADDED from AndroidManifest.xml:357:9
	android:name
		ADDED from AndroidManifest.xml:357:18
service#com.cplatform.xhxw.ui.service.SyncService
ADDED from AndroidManifest.xml:358:9
	android:name
		ADDED from AndroidManifest.xml:358:18
service#com.cplatform.xhxw.ui.service.DownloadService
ADDED from AndroidManifest.xml:359:9
	android:process
		ADDED from AndroidManifest.xml:361:13
	android:name
		ADDED from AndroidManifest.xml:360:13
service#com.cplatform.xhxw.ui.service.NewsCashService
ADDED from AndroidManifest.xml:362:9
	android:name
		ADDED from AndroidManifest.xml:362:18
receiver#com.cplatform.xhxw.ui.receiver.StartServiceReceiver
ADDED from AndroidManifest.xml:364:9
	android:name
		ADDED from AndroidManifest.xml:364:19
receiver#com.cplatform.xhxw.ui.receiver.AppReceiver
ADDED from AndroidManifest.xml:365:9
	android:name
		ADDED from AndroidManifest.xml:365:19
intent-filter#android.intent.action.USER_PRESENT
ADDED from AndroidManifest.xml:366:13
action#android.intent.action.USER_PRESENT
ADDED from AndroidManifest.xml:367:17
	android:name
		ADDED from AndroidManifest.xml:367:25
receiver#com.cplatform.xhxw.ui.receiver.PushMessageReceiver
ADDED from AndroidManifest.xml:371:9
	android:name
		ADDED from AndroidManifest.xml:371:19
intent-filter#com.baidu.android.pushservice.action.MESSAGE+com.baidu.android.pushservice.action.RECEIVE+com.baidu.android.pushservice.action.notification.CLICK
ADDED from AndroidManifest.xml:372:13
action#com.baidu.android.pushservice.action.MESSAGE
ADDED from AndroidManifest.xml:375:17
	android:name
		ADDED from AndroidManifest.xml:375:25
action#com.baidu.android.pushservice.action.RECEIVE
ADDED from AndroidManifest.xml:377:17
	android:name
		ADDED from AndroidManifest.xml:377:25
action#com.baidu.android.pushservice.action.notification.CLICK
ADDED from AndroidManifest.xml:378:17
	android:name
		ADDED from AndroidManifest.xml:378:25
receiver#com.baidu.android.pushservice.PushServiceReceiver
ADDED from AndroidManifest.xml:383:9
	android:process
		ADDED from AndroidManifest.xml:385:13
	android:name
		ADDED from AndroidManifest.xml:384:13
intent-filter#android.intent.action.BOOT_COMPLETED+android.net.conn.CONNECTIVITY_CHANGE+com.baidu.android.pushservice.action.media.CLICK+com.baidu.android.pushservice.action.notification.SHOW
ADDED from AndroidManifest.xml:386:13
action#android.intent.action.BOOT_COMPLETED
ADDED from AndroidManifest.xml:387:17
	android:name
		ADDED from AndroidManifest.xml:387:25
action#android.net.conn.CONNECTIVITY_CHANGE
ADDED from AndroidManifest.xml:388:17
	android:name
		ADDED from AndroidManifest.xml:388:25
action#com.baidu.android.pushservice.action.notification.SHOW
ADDED from AndroidManifest.xml:389:17
	android:name
		ADDED from AndroidManifest.xml:389:25
action#com.baidu.android.pushservice.action.media.CLICK
ADDED from AndroidManifest.xml:390:17
	android:name
		ADDED from AndroidManifest.xml:390:25
receiver#com.baidu.android.pushservice.RegistrationReceiver
ADDED from AndroidManifest.xml:393:9
	android:process
		ADDED from AndroidManifest.xml:395:13
	android:name
		ADDED from AndroidManifest.xml:394:13